{
  "stats": {
    "suites": 1,
    "tests": 2,
    "passes": 2,
    "pending": 0,
    "failures": 0,
    "start": "2026-04-11T09:53:33.567Z",
    "end": "2026-04-11T09:53:40.027Z",
    "duration": 6460,
    "testsRegistered": 2,
    "passPercent": 100,
    "pendingPercent": 0,
    "other": 0,
    "hasOther": false,
    "skipped": 0,
    "hasSkipped": false
  },
  "results": [
    {
      "uuid": "275b27c1-9049-4db9-aba0-513e53ee7583",
      "title": "",
      "fullFile": "cypress\\e2e\\api\\hotel-registration.cy.js",
      "file": "cypress\\e2e\\api\\hotel-registration.cy.js",
      "beforeHooks": [],
      "afterHooks": [],
      "tests": [],
      "suites": [
        {
          "uuid": "6814a105-819d-459a-89dc-37bb183352d9",
          "title": "Hotel registration API flow",
          "fullFile": "",
          "file": "",
          "beforeHooks": [],
          "afterHooks": [],
          "tests": [
            {
              "title": "creates hotel and confirms a match candidate",
              "fullTitle": "Hotel registration API flow creates hotel and confirms a match candidate",
              "timedOut": null,
              "duration": 3266,
              "state": "passed",
              "speed": "fast",
              "pass": true,
              "fail": false,
              "pending": false,
              "context": "{\n  \"title\": \"cypress-mochawesome-reporter-videos-passed\",\n  \"value\": \"cypress\\\\e2e\\\\api\\\\hotel-registration.cy.js\"\n}",
              "code": "cy.fixture(\"hotels/hotel.valid.minimal.json\").then((basePayload) => {\n  const payload = buildUniqueHotelPayload(basePayload);\n  cy.request({\n    method: \"POST\",\n    url: `${Cypress.env(\"apiBaseUrl\")}/hotels`,\n    headers: {\n      Authorization: `Bearer ${token}`,\n      \"Content-Type\": \"application/json\"\n    },\n    body: payload\n  }).then((createRes) => {\n    expect(createRes.status).to.eq(201);\n    expect(createRes.body.success).to.eq(true);\n    expect(createRes.body.data.hotelId).to.be.a(\"string\").and.not.empty;\n    expect(createRes.body.data.candidates).to.be.an(\"array\");\n    const hotelId = createRes.body.data.hotelId;\n    createdHotelIds.push(hotelId);\n    const candidates = createRes.body.data.candidates || [];\n    const selectedPlaceId = candidates.length > 0 ? candidates[0].place_id : null;\n    cy.request({\n      method: \"POST\",\n      url: `${Cypress.env(\"apiBaseUrl\")}/hotels/${hotelId}/confirm-match`,\n      headers: {\n        Authorization: `Bearer ${token}`,\n        \"Content-Type\": \"application/json\"\n      },\n      body: { placeId: selectedPlaceId }\n    }).then((confirmRes) => {\n      expect(confirmRes.status).to.eq(200);\n      expect(confirmRes.body.success).to.eq(true);\n      expect(confirmRes.body.evaluation).to.have.property(\"status\");\n      expect([\"pending\", \"passed\", \"failed\"]).to.include(\n        confirmRes.body.evaluation.status\n      );\n    });\n  });\n});",
              "err": {},
              "uuid": "736369c9-4ce1-45cb-bec4-0afc021d85de",
              "parentUUID": "6814a105-819d-459a-89dc-37bb183352d9",
              "isHook": false,
              "skipped": false
            },
            {
              "title": "rejects duplicate hotel registration with 409",
              "fullTitle": "Hotel registration API flow rejects duplicate hotel registration with 409",
              "timedOut": null,
              "duration": 2232,
              "state": "passed",
              "speed": "fast",
              "pass": true,
              "fail": false,
              "pending": false,
              "context": "{\n  \"title\": \"cypress-mochawesome-reporter-videos-passed\",\n  \"value\": \"cypress\\\\e2e\\\\api\\\\hotel-registration.cy.js\"\n}",
              "code": "cy.fixture(\"hotels/hotel.valid.minimal.json\").then((basePayload) => {\n  const payload = buildUniqueHotelPayload(basePayload);\n  cy.request({\n    method: \"POST\",\n    url: `${Cypress.env(\"apiBaseUrl\")}/hotels`,\n    headers: {\n      Authorization: `Bearer ${token}`,\n      \"Content-Type\": \"application/json\"\n    },\n    body: payload\n  }).then((firstRes) => {\n    expect(firstRes.status).to.eq(201);\n    const hotelId = firstRes.body.data.hotelId;\n    createdHotelIds.push(hotelId);\n    cy.request({\n      method: \"POST\",\n      url: `${Cypress.env(\"apiBaseUrl\")}/hotels`,\n      headers: {\n        Authorization: `Bearer ${token}`,\n        \"Content-Type\": \"application/json\"\n      },\n      body: payload,\n      failOnStatusCode: false\n    }).then((dupRes) => {\n      expect(dupRes.status).to.eq(409);\n    });\n  });\n});",
              "err": {},
              "uuid": "f4bf09c2-9384-4f40-b9cb-f03a02ea4e65",
              "parentUUID": "6814a105-819d-459a-89dc-37bb183352d9",
              "isHook": false,
              "skipped": false
            }
          ],
          "suites": [],
          "passes": [
            "736369c9-4ce1-45cb-bec4-0afc021d85de",
            "f4bf09c2-9384-4f40-b9cb-f03a02ea4e65"
          ],
          "failures": [],
          "pending": [],
          "skipped": [],
          "duration": 5498,
          "root": false,
          "rootEmpty": false,
          "_timeout": 2000
        }
      ],
      "passes": [],
      "failures": [],
      "pending": [],
      "skipped": [],
      "duration": 0,
      "root": true,
      "rootEmpty": true,
      "_timeout": 2000
    }
  ],
  "meta": {
    "mocha": {
      "version": "7.2.0"
    },
    "mochawesome": {
      "options": {
        "quiet": false,
        "reportFilename": "mochawesome",
        "saveHtml": false,
        "saveJson": true,
        "consoleReporter": "spec",
        "useInlineDiffs": false,
        "code": true
      },
      "version": "7.1.4"
    },
    "marge": {
      "options": {
        "reportDir": "cypress\\reports\\mochawesome\\.jsons",
        "charts": true,
        "reportPageTitle": "ETCS API E2E Report",
        "embeddedScreenshots": true,
        "inlineAssets": true,
        "saveAllAttempts": false,
        "overwrite": false,
        "html": false,
        "json": true
      },
      "version": "6.3.2"
    }
  }
}